mysql> source C:\Users\Maggie\Desktop\Databases\hw1.sql
+----------+--------+
| name     | owner  |
+----------+--------+
| Buffy    | Harold |
| Chripy   | Gwen   |
| Fluffy   | Harold |
| Puffball | Diane  |
+----------+--------+
4 rows in set, 1 warning (0.00 sec)

Query OK, 0 rows affected (0.00 sec)
Rows matched: 0  Changed: 0  Warnings: 0

Query OK, 1 row affected (0.00 sec)
Rows matched: 1  Changed: 1  Warnings: 0

+----------+--------+---------+------+------------+------------+
| name     | owner  | species | sex  | birth      | death      |
+----------+--------+---------+------+------------+------------+
| Fluffy   | Harold | cat     | f    | 1993-02-04 | NULL       |
| Claws    | Gwen   | cat     | m    | 1994-03-17 | NULL       |
| Buffy    | Harold | dog     | f    | 1989-05-13 | 2019-09-01 |
| Fang     | Benny  | dog     | m    | 1990-08-27 | NULL       |
| Bowser   | Diane  | dog     | m    | 1989-08-31 | 1995-07-29 |
| Chripy   | Gwen   | bird    | f    | 1998-09-11 | NULL       |
| Maggieo  | Gwen   | bird    | NULL | 1997-12-09 | NULL       |
| Slim     | Benny  | snake   | m    | 1996-04-29 | NULL       |
| Puffball | Diane  | hamster | f    | 1999-03-30 | NULL       |
+----------+--------+---------+------+------------+------------+
9 rows in set (0.00 sec)

mysql> notee
